#
# A fatal error has been detected by the Java Runtime Environment:
#
#  EXCEPTION_ACCESS_VIOLATION (0xc0000005) at pc=0x00007ff8ca296587, pid=31100, tid=31648
#
# JRE version: Java(TM) SE Runtime Environment (21.0.4+8) (build 21.0.4+8-LTS-274)
# Java VM: Java HotSpot(TM) 64-Bit Server VM (21.0.4+8-LTS-274, mixed mode, sharing, tiered, compressed oops, compressed class ptrs, g1 gc, windows-amd64)
# Problematic frame:
# C  [glass.dll+0x26587]
#
# No core dump will be written. Minidumps are not enabled by default on client versions of Windows
#
# If you would like to submit a bug report, please visit:
#   https://bugreport.java.com/bugreport/crash.jsp
#

---------------  S U M M A R Y ------------

Command Line: -javaagent:D:\IntelliJ IDEA 2024.2.3\lib\idea_rt.jar=63361:D:\IntelliJ IDEA 2024.2.3\bin -Dfile.encoding=UTF-8 -Dsun.stdout.encoding=UTF-8 -Dsun.stderr.encoding=UTF-8 --module-path=D:\Maven\apache-maven-3.8.8-bin\apache-maven-3.8.8\local_repo\org\openjfx\javafx-fxml\21\javafx-fxml-21-win.jar;D:\Maven\apache-maven-3.8.8-bin\apache-maven-3.8.8\local_repo\org\openjfx\javafx-base\21\javafx-base-21-win.jar;D:\Maven\apache-maven-3.8.8-bin\apache-maven-3.8.8\local_repo\org\openjfx\javafx-graphics\21\javafx-graphics-21-win.jar;D:\mykeshe\java_keshe\java-fx\target\classes;D:\Maven\apache-maven-3.8.8-bin\apache-maven-3.8.8\local_repo\org\openjfx\javafx-controls\21\javafx-controls-21-win.jar;D:\Maven\apache-maven-3.8.8-bin\apache-maven-3.8.8\local_repo\org\openjfx\javafx-swing\21\javafx-swing-21-win.jar;D:\Maven\apache-maven-3.8.8-bin\apache-maven-3.8.8\local_repo\com\google\code\gson\gson\2.8.9\gson-2.8.9.jar -Djdk.module.main=com.teach.javafx com.teach.javafx/com.teach.javafx.MainApplication

Host: 13th Gen Intel(R) Core(TM) i9-13980HX, 32 cores, 15G,  Windows 11 , 64 bit Build 26100 (10.0.26100.3775)
Time: Sun Apr 13 14:12:18 2025  Windows 11 , 64 bit Build 26100 (10.0.26100.3775) elapsed time: 58.889510 seconds (0d 0h 0m 58s)

---------------  T H R E A D  ---------------

Current thread (0x00000248fe9dee10):  VMThread "VM Thread"          [id=31648, stack(0x0000005a5a400000,0x0000005a5a500000) (1024K)]

Stack: [0x0000005a5a400000,0x0000005a5a500000],  sp=0x0000005a5a4febe0,  free space=1018k
Native frames: (J=compiled Java code, j=interpreted, Vv=VM code, C=native code)
C  [glass.dll+0x26587]


siginfo: EXCEPTION_ACCESS_VIOLATION (0xc0000005), reading address 0x0000000000000000


Registers:
RAX=0x0000000000000000, RBX=0x00000248e17996da, RCX=0x00000248fe9dee10, RDX=0x0000005a5a4febe0
RSP=0x0000005a5a4febe0, RBP=0x000088e4738feea9, RSI=0x00000248d75daf38, RDI=0x00000248d75daf10
R8 =0x0000000000010002, R9 =0x000088e4738feea9, R10=0x00000248ed820000, R11=0x00000248d785ee60
R12=0x0000000000000001, R13=0x000000007ffe0385, R14=0x0000005a5a4fece8, R15=0x00000248d75daf10
RIP=0x00007ff8ca296587, EFLAGS=0x0000000000010206


Register to memory mapping:

RAX=0x0 is null
RBX=0x00000248e17996da is a global jni handle
RCX=0x00000248fe9dee10 points into unknown readable memory: 0x00007ff832040b00 | 00 0b 04 32 f8 7f 00 00
RDX=0x0000005a5a4febe0 points into unknown readable memory: 0x0000000000000000 | 00 00 00 00 00 00 00 00
RSP=0x0000005a5a4febe0 points into unknown readable memory: 0x0000000000000000 | 00 00 00 00 00 00 00 00
RBP=0x000088e4738feea9 is an unknown value
RSI=0x00000248d75daf38 points into unknown readable memory: 0x000088e4738feea9 | a9 ee 8f 73 e4 88 00 00
RDI=0x00000248d75daf10 points into unknown readable memory: 0x527358e473701f3d | 3d 1f 70 73 e4 58 73 52
R8 =0x0000000000010002 is an unknown value
R9 =0x000088e4738feea9 is an unknown value
R10=0x00000248ed820000 points into unknown readable memory: 0x0000000000000000 | 00 00 00 00 00 00 00 00
R11=0x00000248d785ee60 points into unknown readable memory: 0x00000248ed9c09d0 | d0 09 9c ed 48 02 00 00
R12=0x0000000000000001 is an unknown value
R13=0x000000007ffe0385 points into unknown readable memory: 00 00 00
R14=0x0000005a5a4fece8 points into unknown readable memory: 0x0000005a5a4fecd0 | d0 ec 4f 5a 5a 00 00 00
R15=0x00000248d75daf10 points into unknown readable memory: 0x527358e473701f3d | 3d 1f 70 73 e4 58 73 52

Top of Stack: (sp=0x0000005a5a4febe0)
0x0000005a5a4febe0:   0000000000000000 0000024800000000
0x0000005a5a4febf0:   00000248d7778d40 0000000000000001
0x0000005a5a4fec00:   00000248d75daf18 00007ff9371abc75
0x0000005a5a4fec10:   00000248d75daf10 0000024800000000
0x0000005a5a4fec20:   00000248d75daf30 000088e4738feea9
0x0000005a5a4fec30:   fffffffffffffffe 00007ff936c789cb
0x0000005a5a4fec40:   00007ff8ca270000 00007ff8ca270000
0x0000005a5a4fec50:   0000005a5a4fecd8 00007ff9371ab897
0x0000005a5a4fec60:   0000005a5a4fec00 0000005a5a4fece8
0x0000005a5a4fec70:   0000005a5a4ff210 00007ff9372988c0
0x0000005a5a4fec80:   0000000000000001 00007ff9371ab84d
0x0000005a5a4fec90:   0000000000000000 0000000000000001
0x0000005a5a4feca0:   0000000000000000 0000005a5a4fecd8
0x0000005a5a4fecb0:   fffffffffffffffe 00000248d76ab000
0x0000005a5a4fecc0:   0000000000000000 00007ff8ca293d5d
0x0000005a5a4fecd0:   00007ff8ca2aa008 00007ff900000002
0x0000005a5a4fece0:   0000000000000002 0000005a5a4fecd0
0x0000005a5a4fecf0:   00007ff928480000 00007ff9361d5d97
0x0000005a5a4fed00:   0000000000000000 00007ff8ca293e82
0x0000005a5a4fed10:   0000000000000001 000000007ffe0384
0x0000005a5a4fed20:   0000000000000001 00007ff9361d8ed1
0x0000005a5a4fed30:   00007ff9361d0000 00007ff9361f277e
0x0000005a5a4fed40:   0000000000000001 00007ff9361d0000
0x0000005a5a4fed50:   0000000000000000 0000000000000001
0x0000005a5a4fed60:   00007ff8ca293ed0 00007ff939938830
0x0000005a5a4fed70:   00007ff8ca270000 00007ff800000000
0x0000005a5a4fed80:   0000000000000001 000000007ffe0384
0x0000005a5a4fed90:   000000000000005e 0000000000000000
0x0000005a5a4feda0:   0000000000000000 0000000000000000
0x0000005a5a4fedb0:   00007ff8ca270000 fffffca900000000
0x0000005a5a4fedc0:   000000000000008b 0000000000000000
0x0000005a5a4fedd0:   0000000000000000 00000248edd06e10 

Instructions: (pc=0x00007ff8ca296587)
0x00007ff8ca296487:   8b 4d 58 e8 8d cf ff ff 48 8b 4d 60 e8 84 cf ff
0x00007ff8ca296497:   ff 48 8b 95 80 00 00 00 48 8b 8d 18 01 00 00 e8
0x00007ff8ca2964a7:   76 c4 ff ff 33 d2 33 c9 e8 cc e1 ff ff 90 48 89
0x00007ff8ca2964b7:   54 24 10 55 48 83 ec 20 48 8b ea 48 b8 00 00 00
0x00007ff8ca2964c7:   00 00 00 00 00 48 83 c4 20 5d c3 cc 40 55 48 8b
0x00007ff8ca2964d7:   ea 48 8b 01 33 c9 81 38 05 00 00 c0 0f 94 c1 8b
0x00007ff8ca2964e7:   c1 5d c3 cc 40 55 48 83 ec 20 48 8b ea 8a 4d 40
0x00007ff8ca2964f7:   48 83 c4 20 5d e9 73 d3 ff ff cc 40 55 48 83 ec
0x00007ff8ca296507:   20 48 8b ea 8a 4d 20 e8 61 d3 ff ff 90 48 83 c4
0x00007ff8ca296517:   20 5d c3 cc 40 55 48 83 ec 20 48 8b ea 48 83 c4
0x00007ff8ca296527:   20 5d e9 c2 d1 ff ff cc 40 55 48 83 ec 30 48 8b
0x00007ff8ca296537:   ea 48 8b 01 8b 10 48 89 4c 24 28 89 54 24 20 4c
0x00007ff8ca296547:   8d 0d 63 d6 ff ff 4c 8b 45 70 8b 55 68 48 8b 4d
0x00007ff8ca296557:   60 e8 03 d1 ff ff 90 48 83 c4 30 5d c3 cc cc cc
0x00007ff8ca296567:   cc cc cc cc cc cc cc cc cc 40 53 48 83 ec 20 48
0x00007ff8ca296577:   8b 1d 8b 34 01 00 48 85 db 74 16 e8 89 8f ff ff
0x00007ff8ca296587:   4c 8b 00 48 8b d3 48 8b c8 41 ff 90 b0 00 00 00
0x00007ff8ca296597:   90 48 83 c4 20 5b c3 cc cc 40 53 48 83 ec 20 48
0x00007ff8ca2965a7:   8b 1d fb 35 01 00 48 85 db 74 57 b8 ff ff ff ff
0x00007ff8ca2965b7:   f0 0f c1 43 10 83 f8 01 75 3d 48 85 db 74 38 48
0x00007ff8ca2965c7:   8b 0b 48 85 c9 74 0d ff 15 d4 0c 00 00 48 c7 03
0x00007ff8ca2965d7:   00 00 00 00 48 8b 4b 08 48 85 c9 74 0d e8 33 ce
0x00007ff8ca2965e7:   ff ff 48 c7 43 08 00 00 00 00 ba 18 00 00 00 48
0x00007ff8ca2965f7:   8b cb e8 1e ce ff ff 48 c7 05 9f 35 01 00 00 00
0x00007ff8ca296607:   00 00 48 83 c4 20 5b c3 cc 40 53 48 83 ec 20 48
0x00007ff8ca296617:   8b 1d 6b 35 01 00 48 85 db 74 57 b8 ff ff ff ff
0x00007ff8ca296627:   f0 0f c1 43 10 83 f8 01 75 3d 48 85 db 74 38 48
0x00007ff8ca296637:   8b 0b 48 85 c9 74 0d ff 15 64 0c 00 00 48 c7 03
0x00007ff8ca296647:   00 00 00 00 48 8b 4b 08 48 85 c9 74 0d e8 c3 cd
0x00007ff8ca296657:   ff ff 48 c7 43 08 00 00 00 00 ba 18 00 00 00 48
0x00007ff8ca296667:   8b cb e8 ae cd ff ff 48 c7 05 0f 35 01 00 00 00
0x00007ff8ca296677:   00 00 48 83 c4 20 5b c3 cc 40 53 48 83 ec 20 48 


Stack slot to memory mapping:

stack at sp + 0 slots: 0x0 is null
stack at sp + 1 slots: 0x0000024800000000 is an unknown value
stack at sp + 2 slots: 0x00000248d7778d40 points into unknown readable memory: 0x00000248d7778470 | 70 84 77 d7 48 02 00 00
stack at sp + 3 slots: 0x0000000000000001 is an unknown value
stack at sp + 4 slots: 0x00000248d75daf18 points into unknown readable memory: 0x000088e4738feea9 | a9 ee 8f 73 e4 88 00 00
stack at sp + 5 slots: 0x00007ff9371abc75 ucrtbase.dll
stack at sp + 6 slots: 0x00000248d75daf10 points into unknown readable memory: 0x527358e473701f3d | 3d 1f 70 73 e4 58 73 52
stack at sp + 7 slots: 0x0000024800000000 is an unknown value

VM_Operation (0x0000005a5b2ff0e0): Exit, mode: safepoint, requested by thread 0x00000248e1e9f500


---------------  P R O C E S S  ---------------

Threads class SMR info:
_java_thread_list=0x00000248d7f8e800, length=30, elements={
0x00000248efde94f0, 0x00000248fe9ffd20, 0x00000248fea00780, 0x00000248fea07ec0,
0x00000248fea08cd0, 0x00000248fea09860, 0x00000248fea0d5b0, 0x00000248fea292e0,
0x00000248d2219c80, 0x00000248d2d083e0, 0x00000248d2b3bc60, 0x00000248d7481cd0,
0x00000248d78e0860, 0x00000248d7889480, 0x00000248e1081c30, 0x00000248e10d6ca0,
0x00000248e13d98b0, 0x00000248e13db980, 0x00000248e13dc010, 0x00000248e13d8b90,
0x00000248e13da5d0, 0x00000248e13d9f40, 0x00000248e13dac60, 0x00000248e13d9220,
0x00000248e13db2f0, 0x00000248e1e9e7e0, 0x00000248e1e9ee70, 0x00000248e1e9e150,
0x00000248e1ea0220, 0x00000248e1e9f500
}

Java Threads: ( => current thread )
  0x00000248efde94f0 JavaThread "main"                              [_thread_blocked, id=34852, stack(0x0000005a59d00000,0x0000005a59e00000) (1024K)]
  0x00000248fe9ffd20 JavaThread "Reference Handler"          daemon [_thread_blocked, id=33348, stack(0x0000005a5a500000,0x0000005a5a600000) (1024K)]
  0x00000248fea00780 JavaThread "Finalizer"                  daemon [_thread_blocked, id=31184, stack(0x0000005a5a600000,0x0000005a5a700000) (1024K)]
  0x00000248fea07ec0 JavaThread "Attach Listener"            daemon [_thread_blocked, id=21488, stack(0x0000005a5a800000,0x0000005a5a900000) (1024K)]
  0x00000248fea08cd0 JavaThread "Service Thread"             daemon [_thread_blocked, id=28316, stack(0x0000005a5a900000,0x0000005a5aa00000) (1024K)]
  0x00000248fea09860 JavaThread "Monitor Deflation Thread"   daemon [_thread_blocked, id=6596, stack(0x0000005a5aa00000,0x0000005a5ab00000) (1024K)]
  0x00000248fea0d5b0 JavaThread "C2 CompilerThread0"         daemon [_thread_blocked, id=33092, stack(0x0000005a5ab00000,0x0000005a5ac00000) (1024K)]
  0x00000248fea292e0 JavaThread "C1 CompilerThread0"         daemon [_thread_blocked, id=33832, stack(0x0000005a5ac00000,0x0000005a5ad00000) (1024K)]
  0x00000248d2219c80 JavaThread "Common-Cleaner"             daemon [_thread_blocked, id=28452, stack(0x0000005a5b000000,0x0000005a5b100000) (1024K)]
  0x00000248d2d083e0 JavaThread "Monitor Ctrl-Break"         daemon [_thread_in_native, id=27568, stack(0x0000005a5b800000,0x0000005a5b900000) (1024K)]
  0x00000248d2b3bc60 JavaThread "Notification Thread"        daemon [_thread_blocked, id=33748, stack(0x0000005a5b900000,0x0000005a5ba00000) (1024K)]
  0x00000248d7481cd0 JavaThread "QuantumRenderer-0"          daemon [_thread_blocked, id=32764, stack(0x0000005a5ba00000,0x0000005a5bb00000) (1024K)]
  0x00000248d78e0860 JavaThread "InvokeLaterDispatcher"      daemon [_thread_blocked, id=7912, stack(0x0000005a5bb00000,0x0000005a5bc00000) (1024K)]
  0x00000248d7889480 JavaThread "JavaFX Application Thread"         [_thread_blocked, id=33480, stack(0x0000005a5bc00000,0x0000005a5bd00000) (1024K)]
  0x00000248e1081c30 JavaThread "JavaFX-Launcher"                   [_thread_blocked, id=21404, stack(0x0000005a5e000000,0x0000005a5e100000) (1024K)]
  0x00000248e10d6ca0 JavaThread "Thread-2"                   daemon [_thread_in_native, id=29364, stack(0x0000005a5b700000,0x0000005a5b800000) (1024K)]
  0x00000248e13d98b0 JavaThread "Prism Font Disposer"        daemon [_thread_blocked, id=33544, stack(0x0000005a5eb00000,0x0000005a5ec00000) (1024K)]
  0x00000248e13db980 JavaThread "Cleaner-0"                  daemon [_thread_blocked, id=32372, stack(0x0000005a5ed00000,0x0000005a5ee00000) (1024K)]
  0x00000248e13dc010 JavaThread "HttpClient-1-SelectorManager" daemon [_thread_in_native, id=8128, stack(0x0000005a5ee00000,0x0000005a5ef00000) (1024K)]
  0x00000248e13d8b90 JavaThread "HttpClient-1-Worker-0"      daemon [_thread_blocked, id=33332, stack(0x0000005a5fb00000,0x0000005a5fc00000) (1024K)]
  0x00000248e13da5d0 JavaThread "HttpClient-1-Worker-1"      daemon [_thread_blocked, id=35244, stack(0x0000005a5fc00000,0x0000005a5fd00000) (1024K)]
  0x00000248e13d9f40 JavaThread "HttpClient-1-Worker-2"      daemon [_thread_blocked, id=12816, stack(0x0000005a5e100000,0x0000005a5e200000) (1024K)]
  0x00000248e13dac60 JavaThread "HttpClient-5-SelectorManager" daemon [_thread_blocked, id=27424, stack(0x0000005a5e200000,0x0000005a5e300000) (1024K)]
  0x00000248e13d9220 JavaThread "HttpClient-5-Worker-0"      daemon [_thread_blocked, id=29524, stack(0x0000005a5e300000,0x0000005a5e400000) (1024K)]
  0x00000248e13db2f0 JavaThread "HttpClient-5-Worker-1"      daemon [_thread_blocked, id=27812, stack(0x0000005a60000000,0x0000005a60100000) (1024K)]
  0x00000248e1e9e7e0 JavaThread "HttpClient-5-Worker-2"      daemon [_thread_blocked, id=28288, stack(0x0000005a60100000,0x0000005a60200000) (1024K)]
  0x00000248e1e9ee70 JavaThread "HttpClient-6-SelectorManager" daemon [_thread_blocked, id=27560, stack(0x0000005a5ad00000,0x0000005a5ae00000) (1024K)]
  0x00000248e1e9e150 JavaThread "HttpClient-6-Worker-0"      daemon [_thread_blocked, id=34828, stack(0x0000005a5ae00000,0x0000005a5af00000) (1024K)]
  0x00000248e1ea0220 JavaThread "HttpClient-6-Worker-1"      daemon [_thread_blocked, id=9644, stack(0x0000005a5af00000,0x0000005a5b000000) (1024K)]
  0x00000248e1e9f500 JavaThread "SIGINT handler"             daemon [_thread_blocked, id=33408, stack(0x0000005a5b200000,0x0000005a5b300000) (1024K)]
Total: 30

Other Threads:
=>0x00000248fe9dee10 VMThread "VM Thread"                           [id=31648, stack(0x0000005a5a400000,0x0000005a5a500000) (1024K)]
  0x00000248efe53700 WorkerThread "GC Thread#0"                     [id=30860, stack(0x0000005a59e00000,0x0000005a59f00000) (1024K)]
  0x00000248d7fce110 WorkerThread "GC Thread#1"                     [id=33188, stack(0x0000005a5b100000,0x0000005a5b200000) (1024K)]
  0x00000248d7709d80 WorkerThread "GC Thread#2"                     [id=28996, stack(0x0000005a5b300000,0x0000005a5b400000) (1024K)]
  0x00000248d770a120 WorkerThread "GC Thread#3"                     [id=20908, stack(0x0000005a5b400000,0x0000005a5b500000) (1024K)]
  0x00000248d770a4c0 WorkerThread "GC Thread#4"                     [id=30728, stack(0x0000005a5b500000,0x0000005a5b600000) (1024K)]
  0x00000248d770a860 WorkerThread "GC Thread#5"                     [id=15476, stack(0x0000005a5b600000,0x0000005a5b700000) (1024K)]
  0x00000248e1073610 WorkerThread "GC Thread#6"                     [id=28092, stack(0x0000005a5e700000,0x0000005a5e800000) (1024K)]
  0x00000248e1073d50 WorkerThread "GC Thread#7"                     [id=32560, stack(0x0000005a5e800000,0x0000005a5e900000) (1024K)]
  0x00000248e10740f0 WorkerThread "GC Thread#8"                     [id=6624, stack(0x0000005a5e900000,0x0000005a5ea00000) (1024K)]
  0x00000248e1074490 WorkerThread "GC Thread#9"                     [id=32044, stack(0x0000005a5ea00000,0x0000005a5eb00000) (1024K)]
  0x00000248e1a1bf80 WorkerThread "GC Thread#10"                    [id=29680, stack(0x0000005a5ef00000,0x0000005a5f000000) (1024K)]
  0x00000248e1a1eb00 WorkerThread "GC Thread#11"                    [id=29416, stack(0x0000005a5f000000,0x0000005a5f100000) (1024K)]
  0x00000248e1a1e020 WorkerThread "GC Thread#12"                    [id=30132, stack(0x0000005a5f100000,0x0000005a5f200000) (1024K)]
  0x00000248e1a1b840 WorkerThread "GC Thread#13"                    [id=35168, stack(0x0000005a5f200000,0x0000005a5f300000) (1024K)]
  0x00000248e1a1d8e0 WorkerThread "GC Thread#14"                    [id=19544, stack(0x0000005a5f300000,0x0000005a5f400000) (1024K)]
  0x00000248e1a1b4a0 WorkerThread "GC Thread#15"                    [id=25700, stack(0x0000005a5f400000,0x0000005a5f500000) (1024K)]
  0x000002490942acb0 WorkerThread "GC Thread#16"                    [id=5648, stack(0x0000005a60200000,0x0000005a60300000) (1024K)]
  0x00000249094296f0 WorkerThread "GC Thread#17"                    [id=35620, stack(0x0000005a60b00000,0x0000005a60c00000) (1024K)]
  0x000002490942c270 WorkerThread "GC Thread#18"                    [id=31068, stack(0x0000005a60c00000,0x0000005a60d00000) (1024K)]
  0x000002490942bed0 WorkerThread "GC Thread#19"                    [id=30780, stack(0x0000005a60d00000,0x0000005a60e00000) (1024K)]
  0x0000024909429e30 WorkerThread "GC Thread#20"                    [id=35808, stack(0x0000005a60e00000,0x0000005a60f00000) (1024K)]
  0x000002490942c9b0 WorkerThread "GC Thread#21"                    [id=32844, stack(0x0000005a60f00000,0x0000005a61000000) (1024K)]
  0x00000248efe64f70 ConcurrentGCThread "G1 Main Marker"            terminated
  0x00000248efe66e80 WorkerThread "G1 Conc#0"                       [id=22852, stack(0x0000005a5a000000,0x0000005a5a100000) (1024K)]
  0x00000248e1a1c320 WorkerThread "G1 Conc#1"                       [id=36484, stack(0x0000005a5f500000,0x0000005a5f600000) (1024K)]
  0x00000248e1a1c6c0 WorkerThread "G1 Conc#2"                       [id=3208, stack(0x0000005a5f600000,0x0000005a5f700000) (1024K)]
  0x00000248e1a1eea0 WorkerThread "G1 Conc#3"                       [id=10408, stack(0x0000005a5f700000,0x0000005a5f800000) (1024K)]
  0x00000248e1a1ca60 WorkerThread "G1 Conc#4"                       [id=2136, stack(0x0000005a5f800000,0x0000005a5f900000) (1024K)]
  0x00000248e1a1e3c0 WorkerThread "G1 Conc#5"                       [id=35088, stack(0x0000005a5f900000,0x0000005a5fa00000) (1024K)]
  0x00000248fe9160b0 ConcurrentGCThread "G1 Refine#0"               terminated
  0x00000248fe918b30 ConcurrentGCThread "G1 Service"                terminated
Total: 32

Threads with active compile tasks:
Total: 0

VM state: at safepoint (shutting down)

VM Mutex/Monitor currently owned by a thread:  ([mutex/lock_event])
[0x00007ff832207e98] Threads_lock - owner thread: 0x00000248fe9dee10
[0x00007ff832207f98] Heap_lock - owner thread: 0x00000248e1e9f500

Heap address: 0x0000000705e00000, size: 4002 MB, Compressed Oops mode: Zero based, Oop shift amount: 3

CDS archive(s) mapped at: [0x0000024891000000-0x0000024891c90000-0x0000024891c90000), size 13172736, SharedBaseAddress: 0x0000024891000000, ArchiveRelocationMode: 1.
Compressed class space mapped at: 0x0000024892000000-0x00000248d2000000, reserved size: 1073741824
Narrow klass base: 0x0000024891000000, Narrow klass shift: 0, Narrow klass range: 0x100000000

GC Precious Log:
 CardTable entry size: 512
 Card Set container configuration: InlinePtr #cards 4 size 8 Array Of Cards #cards 16 size 48 Howl #buckets 8 coarsen threshold 3686 Howl Bitmap #cards 512 size 80 coarsen threshold 460 Card regions per heap region 1 cards per card region 4096
 CPUs: 32 total, 32 available
 Memory: 16002M
 Large Page Support: Disabled
 NUMA Support: Disabled
 Compressed Oops: Enabled (Zero based)
 Heap Region Size: 2M
 Heap Min Capacity: 8M
 Heap Initial Capacity: 252M
 Heap Max Capacity: 4002M
 Pre-touch: Disabled
 Parallel Workers: 23
 Concurrent Workers: 6
 Concurrent Refinement Workers: 23
 Periodic GC: Disabled

Heap:
 garbage-first heap   total 94208K, used 30417K [0x0000000705e00000, 0x0000000800000000)
  region size 2048K, 13 young (26624K), 9 survivors (18432K)
 Metaspace       used 28510K, committed 28992K, reserved 1114112K
  class space    used 4137K, committed 4352K, reserved 1048576K

Heap Regions: E=young(eden), S=young(survivor), O=old, HS=humongous(starts), HC=humongous(continues), CS=collection set, F=free, TAMS=top-at-mark-start, PB=parsable bottom
|   0|0x0000000705e00000, 0x0000000706000000, 0x0000000706000000|100%|HS|  |TAMS 0x0000000705e00000| PB 0x0000000705e00000| Complete 
|   1|0x0000000706000000, 0x0000000706200000, 0x0000000706200000|100%|HC|  |TAMS 0x0000000706000000| PB 0x0000000706000000| Complete 
|   2|0x0000000706200000, 0x0000000706200000, 0x0000000706400000|  0%| F|  |TAMS 0x0000000706200000| PB 0x0000000706200000| Untracked 
|   3|0x0000000706400000, 0x0000000706600000, 0x0000000706600000|100%|HS|  |TAMS 0x0000000706400000| PB 0x0000000706400000| Complete 
|   4|0x0000000706600000, 0x0000000706600000, 0x0000000706800000|  0%| F|  |TAMS 0x0000000706600000| PB 0x0000000706600000| Untracked 
|   5|0x0000000706800000, 0x0000000706800000, 0x0000000706a00000|  0%| F|  |TAMS 0x0000000706800000| PB 0x0000000706800000| Untracked 
|   6|0x0000000706a00000, 0x0000000706a00000, 0x0000000706c00000|  0%| F|  |TAMS 0x0000000706a00000| PB 0x0000000706a00000| Untracked 
|   7|0x0000000706c00000, 0x0000000706c00000, 0x0000000706e00000|  0%| F|  |TAMS 0x0000000706c00000| PB 0x0000000706c00000| Untracked 
|   8|0x0000000706e00000, 0x0000000706e00000, 0x0000000707000000|  0%| F|  |TAMS 0x0000000706e00000| PB 0x0000000706e00000| Untracked 
|   9|0x0000000707000000, 0x0000000707000000, 0x0000000707200000|  0%| F|  |TAMS 0x0000000707000000| PB 0x0000000707000000| Untracked 
|  10|0x0000000707200000, 0x0000000707200000, 0x0000000707400000|  0%| F|  |TAMS 0x0000000707200000| PB 0x0000000707200000| Untracked 
|  11|0x0000000707400000, 0x0000000707400000, 0x0000000707600000|  0%| F|  |TAMS 0x0000000707400000| PB 0x0000000707400000| Untracked 
|  12|0x0000000707600000, 0x0000000707600000, 0x0000000707800000|  0%| F|  |TAMS 0x0000000707600000| PB 0x0000000707600000| Untracked 
|  13|0x0000000707800000, 0x0000000707800000, 0x0000000707a00000|  0%| F|  |TAMS 0x0000000707800000| PB 0x0000000707800000| Untracked 
|  14|0x0000000707a00000, 0x0000000707a00000, 0x0000000707c00000|  0%| F|  |TAMS 0x0000000707a00000| PB 0x0000000707a00000| Untracked 
|  15|0x0000000707c00000, 0x0000000707c00000, 0x0000000707e00000|  0%| F|  |TAMS 0x0000000707c00000| PB 0x0000000707c00000| Untracked 
|  16|0x0000000707e00000, 0x0000000707e00000, 0x0000000708000000|  0%| F|  |TAMS 0x0000000707e00000| PB 0x0000000707e00000| Untracked 
|  17|0x0000000708000000, 0x0000000708000000, 0x0000000708200000|  0%| F|  |TAMS 0x0000000708000000| PB 0x0000000708000000| Untracked 
|  18|0x0000000708200000, 0x0000000708200000, 0x0000000708400000|  0%| F|  |TAMS 0x0000000708200000| PB 0x0000000708200000| Untracked 
|  19|0x0000000708400000, 0x0000000708400000, 0x0000000708600000|  0%| F|  |TAMS 0x0000000708400000| PB 0x0000000708400000| Untracked 
|  20|0x0000000708600000, 0x0000000708600000, 0x0000000708800000|  0%| F|  |TAMS 0x0000000708600000| PB 0x0000000708600000| Untracked 
|  21|0x0000000708800000, 0x0000000708800000, 0x0000000708a00000|  0%| F|  |TAMS 0x0000000708800000| PB 0x0000000708800000| Untracked 
|  22|0x0000000708a00000, 0x0000000708a00000, 0x0000000708c00000|  0%| F|  |TAMS 0x0000000708a00000| PB 0x0000000708a00000| Untracked 
|  23|0x0000000708c00000, 0x0000000708c00000, 0x0000000708e00000|  0%| F|  |TAMS 0x0000000708c00000| PB 0x0000000708c00000| Untracked 
|  24|0x0000000708e00000, 0x0000000708e00000, 0x0000000709000000|  0%| F|  |TAMS 0x0000000708e00000| PB 0x0000000708e00000| Untracked 
|  25|0x0000000709000000, 0x0000000709000000, 0x0000000709200000|  0%| F|  |TAMS 0x0000000709000000| PB 0x0000000709000000| Untracked 
|  26|0x0000000709200000, 0x0000000709200000, 0x0000000709400000|  0%| F|  |TAMS 0x0000000709200000| PB 0x0000000709200000| Untracked 
|  27|0x0000000709400000, 0x0000000709400000, 0x0000000709600000|  0%| F|  |TAMS 0x0000000709400000| PB 0x0000000709400000| Untracked 
|  28|0x0000000709600000, 0x0000000709600000, 0x0000000709800000|  0%| F|  |TAMS 0x0000000709600000| PB 0x0000000709600000| Untracked 
|  29|0x0000000709800000, 0x0000000709a00000, 0x0000000709a00000|100%| S|CS|TAMS 0x0000000709800000| PB 0x0000000709800000| Complete 
|  30|0x0000000709a00000, 0x0000000709c00000, 0x0000000709c00000|100%| S|CS|TAMS 0x0000000709a00000| PB 0x0000000709a00000| Complete 
|  31|0x0000000709c00000, 0x0000000709e00000, 0x0000000709e00000|100%| S|CS|TAMS 0x0000000709c00000| PB 0x0000000709c00000| Complete 
|  32|0x0000000709e00000, 0x000000070a000000, 0x000000070a000000|100%| S|CS|TAMS 0x0000000709e00000| PB 0x0000000709e00000| Complete 
|  33|0x000000070a000000, 0x000000070a200000, 0x000000070a200000|100%| S|CS|TAMS 0x000000070a000000| PB 0x000000070a000000| Complete 
|  34|0x000000070a200000, 0x000000070a400000, 0x000000070a400000|100%| S|CS|TAMS 0x000000070a200000| PB 0x000000070a200000| Complete 
|  35|0x000000070a400000, 0x000000070a600000, 0x000000070a600000|100%| S|CS|TAMS 0x000000070a400000| PB 0x000000070a400000| Complete 
|  36|0x000000070a600000, 0x000000070a800000, 0x000000070a800000|100%| S|CS|TAMS 0x000000070a600000| PB 0x000000070a600000| Complete 
|  37|0x000000070a800000, 0x000000070a9b4740, 0x000000070aa00000| 85%| S|CS|TAMS 0x000000070a800000| PB 0x000000070a800000| Complete 
| 100|0x0000000712600000, 0x0000000712600000, 0x0000000712800000|  0%| F|  |TAMS 0x0000000712600000| PB 0x0000000712600000| Untracked 
| 101|0x0000000712800000, 0x0000000712800000, 0x0000000712a00000|  0%| F|  |TAMS 0x0000000712800000| PB 0x0000000712800000| Untracked 
| 102|0x0000000712a00000, 0x0000000712a00000, 0x0000000712c00000|  0%| F|  |TAMS 0x0000000712a00000| PB 0x0000000712a00000| Untracked 
| 103|0x0000000712c00000, 0x0000000712c00000, 0x0000000712e00000|  0%| F|  |TAMS 0x0000000712c00000| PB 0x0000000712c00000| Untracked 
| 107|0x0000000713400000, 0x00000007135bedb0, 0x0000000713600000| 87%| E|  |TAMS 0x0000000713400000| PB 0x0000000713400000| Complete 
| 108|0x0000000713600000, 0x0000000713800000, 0x0000000713800000|100%| E|CS|TAMS 0x0000000713600000| PB 0x0000000713600000| Complete 
| 124|0x0000000715600000, 0x0000000715800000, 0x0000000715800000|100%| E|CS|TAMS 0x0000000715600000| PB 0x0000000715600000| Complete 
| 125|0x0000000715800000, 0x0000000715a00000, 0x0000000715a00000|100%| E|CS|TAMS 0x0000000715800000| PB 0x0000000715800000| Complete 

Card table byte_map: [0x00000248f9c50000,0x00000248fa430000] _byte_map_base: 0x00000248f6421000

Marking Bits: (CMBitMap*) 0x00000248efe53e00
 Bits: [0x00000248fa430000, 0x00000248fe2b8000)

Polling page: 0x00000248ed970000

Metaspace:

Usage:
  Non-class:     23.80 MB used.
      Class:      4.04 MB used.
       Both:     27.84 MB used.

Virtual space:
  Non-class space:       64.00 MB reserved,      24.06 MB ( 38%) committed,  1 nodes.
      Class space:        1.00 GB reserved,       4.25 MB ( <1%) committed,  1 nodes.
             Both:        1.06 GB reserved,      28.31 MB (  3%) committed. 

Chunk freelists:
   Non-Class:  7.73 MB
       Class:  11.66 MB
        Both:  19.39 MB

MaxMetaspaceSize: unlimited
CompressedClassSpaceSize: 1.00 GB
Initial GC threshold: 21.00 MB
Current GC threshold: 35.12 MB
CDS: on
 - commit_granule_bytes: 65536.
 - commit_granule_words: 8192.
 - virtual_space_node_default_size: 8388608.
 - enlarge_chunks_in_place: 1.
 - use_allocation_guard: 0.


Internal statistics:

num_allocs_failed_limit: 3.
num_arena_births: 542.
num_arena_deaths: 0.
num_vsnodes_births: 2.
num_vsnodes_deaths: 0.
num_space_committed: 453.
num_space_uncommitted: 0.
num_chunks_returned_to_freelist: 3.
num_chunks_taken_from_freelist: 1452.
num_chunk_merges: 3.
num_chunk_splits: 968.
num_chunks_enlarged: 689.
num_inconsistent_stats: 0.

CodeHeap 'non-profiled nmethods': size=118848Kb used=2249Kb max_used=2249Kb free=116598Kb
 bounds [0x0000024887bf0000, 0x0000024887e60000, 0x000002488f000000]
CodeHeap 'profiled nmethods': size=118848Kb used=11523Kb max_used=11523Kb free=107324Kb
 bounds [0x0000024880000000, 0x0000024880b50000, 0x0000024887410000]
CodeHeap 'non-nmethods': size=8064Kb used=1899Kb max_used=4212Kb free=6164Kb
 bounds [0x0000024887410000, 0x0000024887840000, 0x0000024887bf0000]
 total_blobs=6269 nmethods=5381 adapters=792
 compilation: enabled
              stopped_count=0, restarted_count=0
 full_count=0

Compilation events (20 events):
Event: 58.528 Thread 0x00000248fea292e0 5380       3       java.util.TreeMap::successor (66 bytes)
Event: 58.528 Thread 0x00000248fea292e0 nmethod 5380 0x0000024880b3d590 code [0x0000024880b3d760, 0x0000024880b3dac8]
Event: 58.528 Thread 0x00000248fea292e0 5377       3       java.util.concurrent.ThreadPoolExecutor::runStateAtLeast (11 bytes)
Event: 58.528 Thread 0x00000248fea292e0 nmethod 5377 0x0000024880b3dc10 code [0x0000024880b3dda0, 0x0000024880b3dee8]
Event: 58.528 Thread 0x00000248fea292e0 5379       3       java.util.concurrent.ForkJoinTask::<init> (5 bytes)
Event: 58.528 Thread 0x00000248fea292e0 nmethod 5379 0x0000024880b3df90 code [0x0000024880b3e120, 0x0000024880b3e288]
Event: 58.528 Thread 0x00000248fea292e0 5381       3       java.util.List::of (64 bytes)
Event: 58.529 Thread 0x00000248fea292e0 nmethod 5381 0x0000024880b3e390 code [0x0000024880b3e620, 0x0000024880b3f2e8]
Event: 58.529 Thread 0x00000248fea292e0 5382       3       java.util.ImmutableCollections$AbstractImmutableList::iterator (13 bytes)
Event: 58.529 Thread 0x00000248fea292e0 nmethod 5382 0x0000024880b3f710 code [0x0000024880b3f8c0, 0x0000024880b3fc38]
Event: 58.529 Thread 0x00000248fea292e0 5383       3       java.util.ImmutableCollections$ListItr::<init> (25 bytes)
Event: 58.529 Thread 0x00000248fea292e0 nmethod 5383 0x0000024880b3fd90 code [0x0000024880b3ff20, 0x0000024880b40100]
Event: 58.529 Thread 0x00000248fea292e0 5384       3       jdk.internal.misc.Unsafe::checkOffset (32 bytes)
Event: 58.529 Thread 0x00000248fea292e0 nmethod 5384 0x0000024880b40190 code [0x0000024880b40340, 0x0000024880b405b8]
Event: 58.543 Thread 0x00000248fea292e0 5385       1       java.util.logging.Logger::getName (5 bytes)
Event: 58.543 Thread 0x00000248fea292e0 nmethod 5385 0x0000024887e22390 code [0x0000024887e22520, 0x0000024887e225f0]
Event: 58.543 Thread 0x00000248fea292e0 5386       3       java.util.concurrent.ConcurrentHashMap$BaseIterator::<init> (21 bytes)
Event: 58.543 Thread 0x00000248fea292e0 nmethod 5386 0x0000024880b40690 code [0x0000024880b40840, 0x0000024880b40a20]
Event: 58.543 Thread 0x00000248fea292e0 5387       3       java.util.concurrent.ConcurrentHashMap$Traverser::<init> (36 bytes)
Event: 58.543 Thread 0x00000248fea292e0 nmethod 5387 0x0000024880b40b10 code [0x0000024880b40cc0, 0x0000024880b40ed0]

GC Heap History (8 events):
Event: 0.377 GC heap before
{Heap before GC invocations=0 (full 0):
 garbage-first heap   total 258048K, used 20480K [0x0000000705e00000, 0x0000000800000000)
  region size 2048K, 11 young (22528K), 0 survivors (0K)
 Metaspace       used 4118K, committed 4288K, reserved 1114112K
  class space    used 415K, committed 512K, reserved 1048576K
}
Event: 0.379 GC heap after
{Heap after GC invocations=1 (full 0):
 garbage-first heap   total 258048K, used 3029K [0x0000000705e00000, 0x0000000800000000)
  region size 2048K, 2 young (4096K), 2 survivors (4096K)
 Metaspace       used 4118K, committed 4288K, reserved 1114112K
  class space    used 415K, committed 512K, reserved 1048576K
}
Event: 0.659 GC heap before
{Heap before GC invocations=1 (full 0):
 garbage-first heap   total 258048K, used 39893K [0x0000000705e00000, 0x0000000800000000)
  region size 2048K, 19 young (38912K), 2 survivors (4096K)
 Metaspace       used 12020K, committed 12352K, reserved 1114112K
  class space    used 1692K, committed 1856K, reserved 1048576K
}
Event: 0.662 GC heap after
{Heap after GC invocations=2 (full 0):
 garbage-first heap   total 258048K, used 10240K [0x0000000705e00000, 0x0000000800000000)
  region size 2048K, 3 young (6144K), 3 survivors (6144K)
 Metaspace       used 12020K, committed 12352K, reserved 1114112K
  class space    used 1692K, committed 1856K, reserved 1048576K
}
Event: 1.990 GC heap before
{Heap before GC invocations=2 (full 0):
 garbage-first heap   total 258048K, used 43008K [0x0000000705e00000, 0x0000000800000000)
  region size 2048K, 20 young (40960K), 3 survivors (6144K)
 Metaspace       used 21021K, committed 21504K, reserved 1114112K
  class space    used 3004K, committed 3264K, reserved 1048576K
}
Event: 1.995 GC heap after
{Heap after GC invocations=3 (full 0):
 garbage-first heap   total 258048K, used 16635K [0x0000000705e00000, 0x0000000800000000)
  region size 2048K, 6 young (12288K), 6 survivors (12288K)
 Metaspace       used 21021K, committed 21504K, reserved 1114112K
  class space    used 3004K, committed 3264K, reserved 1048576K
}
Event: 9.539 GC heap before
{Heap before GC invocations=4 (full 0):
 garbage-first heap   total 75776K, used 73979K [0x0000000705e00000, 0x0000000800000000)
  region size 2048K, 33 young (67584K), 6 survivors (12288K)
 Metaspace       used 28384K, committed 28864K, reserved 1114112K
  class space    used 4122K, committed 4352K, reserved 1048576K
}
Event: 9.550 GC heap after
{Heap after GC invocations=5 (full 0):
 garbage-first heap   total 94208K, used 24273K [0x0000000705e00000, 0x0000000800000000)
  region size 2048K, 9 young (18432K), 9 survivors (18432K)
 Metaspace       used 28384K, committed 28864K, reserved 1114112K
  class space    used 4122K, committed 4352K, reserved 1048576K
}

Dll operation events (20 events):
Event: 0.208 Loaded shared library C:\Users\Chen\.openjfx\cache\21+31\amd64\api-ms-win-crt-multibyte-l1-1-0.dll
Event: 0.210 Loaded shared library C:\Users\Chen\.openjfx\cache\21+31\amd64\api-ms-win-crt-private-l1-1-0.dll
Event: 0.212 Loaded shared library C:\Users\Chen\.openjfx\cache\21+31\amd64\api-ms-win-crt-process-l1-1-0.dll
Event: 0.213 Loaded shared library C:\Users\Chen\.openjfx\cache\21+31\amd64\api-ms-win-crt-runtime-l1-1-0.dll
Event: 0.215 Loaded shared library C:\Users\Chen\.openjfx\cache\21+31\amd64\api-ms-win-crt-stdio-l1-1-0.dll
Event: 0.216 Loaded shared library C:\Users\Chen\.openjfx\cache\21+31\amd64\api-ms-win-crt-string-l1-1-0.dll
Event: 0.217 Loaded shared library C:\Users\Chen\.openjfx\cache\21+31\amd64\api-ms-win-crt-time-l1-1-0.dll
Event: 0.218 Loaded shared library C:\Users\Chen\.openjfx\cache\21+31\amd64\api-ms-win-crt-utility-l1-1-0.dll
Event: 0.227 Loaded shared library C:\Users\Chen\.openjfx\cache\21+31\amd64\ucrtbase.dll
Event: 0.229 Loaded shared library C:\Users\Chen\.openjfx\cache\21+31\amd64\vcruntime140.dll
Event: 0.231 Loaded shared library C:\Users\Chen\.openjfx\cache\21+31\amd64\vcruntime140_1.dll
Event: 0.236 Loaded shared library C:\Users\Chen\.openjfx\cache\21+31\amd64\msvcp140.dll
Event: 0.238 Loaded shared library C:\Users\Chen\.openjfx\cache\21+31\amd64\msvcp140_1.dll
Event: 0.240 Loaded shared library C:\Users\Chen\.openjfx\cache\21+31\amd64\msvcp140_2.dll
Event: 0.264 Loaded shared library C:\Users\Chen\.openjfx\cache\21+31\amd64\prism_d3d.dll
Event: 0.315 Loaded shared library C:\Users\Chen\.openjfx\cache\21+31\amd64\glass.dll
Event: 0.406 Loaded shared library D:\jdk\jdk21\bin\jimage.dll
Event: 0.473 Loaded shared library C:\Users\Chen\.openjfx\cache\21+31\amd64\javafx_iio.dll
Event: 0.506 Loaded shared library C:\Users\Chen\.openjfx\cache\21+31\amd64\javafx_font.dll
Event: 1.965 Loaded shared library D:\jdk\jdk21\bin\sunmscapi.dll

Deoptimization events (20 events):
Event: 9.551 Thread 0x00000248e1ea15d0 Uncommon trap: trap_request=0xffffff45 fr.pc=0x0000024887c7c0ac relative=0x000000000000016c
Event: 9.551 Thread 0x00000248e1ea15d0 Uncommon trap: reason=unstable_if action=reinterpret pc=0x0000024887c7c0ac method=java.util.concurrent.ConcurrentHashMap.addCount(JI)V @ 34 c2
Event: 9.551 Thread 0x00000248e1ea15d0 DEOPT PACKING pc=0x0000024887c7c0ac sp=0x0000005a607fe250
Event: 9.551 Thread 0x00000248e1ea15d0 DEOPT UNPACKING pc=0x00000248874646a2 sp=0x0000005a607fe190 mode 2
Event: 9.551 Thread 0x00000248e1e9dac0 Uncommon trap: trap_request=0xffffff54 fr.pc=0x0000024887cbb198 relative=0x0000000000003fd8
Event: 9.551 Thread 0x00000248e13dac60 Uncommon trap: trap_request=0xffffff54 fr.pc=0x0000024887cbb198 relative=0x0000000000003fd8
Event: 9.551 Thread 0x00000248e1e9dac0 Uncommon trap: reason=speculate_null_assert action=make_not_entrant pc=0x0000024887cbb198 method=java.lang.invoke.MethodType$ConcurrentWeakInternSet.add(Ljava/lang/Object;)Ljava/lang/Object; @ 47 c2
Event: 9.551 Thread 0x00000248e13dac60 Uncommon trap: reason=speculate_null_assert action=make_not_entrant pc=0x0000024887cbb198 method=java.lang.invoke.MethodType$ConcurrentWeakInternSet.add(Ljava/lang/Object;)Ljava/lang/Object; @ 47 c2
Event: 9.551 Thread 0x00000248e1e9dac0 DEOPT PACKING pc=0x0000024887cbb198 sp=0x0000005a603fe180
Event: 9.551 Thread 0x00000248e1e9dac0 DEOPT UNPACKING pc=0x00000248874646a2 sp=0x0000005a603fe128 mode 2
Event: 9.551 Thread 0x00000248e13dac60 DEOPT PACKING pc=0x0000024887cbb198 sp=0x0000005a5e2fe4b0
Event: 9.551 Thread 0x00000248e13dac60 DEOPT UNPACKING pc=0x00000248874646a2 sp=0x0000005a5e2fe458 mode 2
Event: 9.856 Thread 0x00000248d7889480 Uncommon trap: trap_request=0xffffff45 fr.pc=0x0000024887c97ef4 relative=0x0000000000000b34
Event: 9.856 Thread 0x00000248d7889480 Uncommon trap: reason=unstable_if action=reinterpret pc=0x0000024887c97ef4 method=java.util.WeakHashMap.expungeStaleEntries()V @ 66 c2
Event: 9.856 Thread 0x00000248d7889480 DEOPT PACKING pc=0x0000024887c97ef4 sp=0x0000005a5bcfaaf0
Event: 9.856 Thread 0x00000248d7889480 DEOPT UNPACKING pc=0x00000248874646a2 sp=0x0000005a5bcfaa70 mode 2
Event: 58.543 Thread 0x00000248e1e9fb90 Uncommon trap: trap_request=0xffffffcc fr.pc=0x0000024887ddfe90 relative=0x0000000000000350
Event: 58.543 Thread 0x00000248e1e9fb90 Uncommon trap: reason=intrinsic_or_type_checked_inlining action=make_not_entrant pc=0x0000024887ddfe90 method=java.util.Arrays.copyOf([Ljava/lang/Object;ILjava/lang/Class;)[Ljava/lang/Object; @ 35 c2
Event: 58.543 Thread 0x00000248e1e9fb90 DEOPT PACKING pc=0x0000024887ddfe90 sp=0x0000005a603ff3a0
Event: 58.543 Thread 0x00000248e1e9fb90 DEOPT UNPACKING pc=0x00000248874646a2 sp=0x0000005a603ff348 mode 2

Classes loaded (20 events):
Event: 7.131 Loading class sun/util/logging/resources/logging_zh_Hans_CN
Event: 7.131 Loading class sun/util/logging/resources/logging_zh_Hans_CN done
Event: 7.131 Loading class sun/util/logging/resources/logging_zh_Hans_CN
Event: 7.131 Loading class sun/util/logging/resources/logging_zh_Hans_CN done
Event: 7.131 Loading class java/util/Formatter$DateTime
Event: 7.131 Loading class java/util/Formatter$DateTime done
Event: 7.131 Loading class java/time/ZonedDateTime$1
Event: 7.131 Loading class java/time/ZonedDateTime$1 done
Event: 7.151 Loading class sun/reflect/generics/tree/BottomSignature
Event: 7.151 Loading class sun/reflect/generics/tree/BottomSignature done
Event: 7.151 Loading class sun/reflect/generics/tree/Wildcard
Event: 7.151 Loading class sun/reflect/generics/tree/Wildcard done
Event: 7.151 Loading class sun/reflect/generics/reflectiveObjects/WildcardTypeImpl
Event: 7.151 Loading class sun/reflect/generics/reflectiveObjects/WildcardTypeImpl done
Event: 7.190 Loading class sun/reflect/misc/ReflectUtil
Event: 7.190 Loading class sun/reflect/misc/ReflectUtil done
Event: 9.551 Loading class java/util/LinkedList$LLSpliterator
Event: 9.551 Loading class java/util/LinkedList$LLSpliterator done
Event: 58.541 Loading class jdk/internal/misc/Signal$1
Event: 58.541 Loading class jdk/internal/misc/Signal$1 done

Classes unloaded (0 events):
No events

Classes redefined (0 events):
No events

Internal exceptions (20 events):
Event: 1.874 Thread 0x00000248d7889480 Exception <a 'java/lang/NoSuchMethodError'{0x00000007142e5100}: 'long java.lang.invoke.DirectMethodHandle$Holder.invokeSpecial(java.lang.Object, java.lang.Object)'> (0x00000007142e5100) 
thrown [s\open\src\hotspot\share\interpreter\linkResolver.cpp, line 773]
Event: 1.874 Thread 0x00000248d7889480 Exception <a 'java/lang/NoSuchMethodError'{0x00000007142eb9e8}: 'int java.lang.invoke.DirectMethodHandle$Holder.invokeStatic(java.lang.Object, java.lang.Object, java.lang.Object, java.lang.Object)'> (0x00000007142eb9e8) 
thrown [s\open\src\hotspot\share\interpreter\linkResolver.cpp, line 773]
Event: 1.897 Thread 0x00000248d7889480 Exception <a 'sun/nio/fs/WindowsException'{0x00000007143d9438}> (0x00000007143d9438) 
thrown [s\open\src\hotspot\share\prims\jni.cpp, line 520]
Event: 1.902 Thread 0x00000248d7889480 Exception <a 'sun/nio/fs/WindowsException'{0x00000007143eaee0}> (0x00000007143eaee0) 
thrown [s\open\src\hotspot\share\prims\jni.cpp, line 520]
Event: 1.947 Thread 0x00000248d7889480 Exception <a 'java/lang/NoSuchMethodError'{0x0000000713a72240}: 'java.lang.Object java.lang.invoke.DirectMethodHandle$Holder.invokeStaticInit(java.lang.Object, int, int, int, int)'> (0x0000000713a72240) 
thrown [s\open\src\hotspot\share\interpreter\linkResolver.cpp, line 773]
Event: 1.957 Thread 0x00000248d7889480 Exception <a 'java/lang/NoSuchMethodError'{0x0000000713b31d08}: 'java.lang.Object java.lang.invoke.DirectMethodHandle$Holder.invokeStaticInit(java.lang.Object, java.lang.Object, int, int, int, int)'> (0x0000000713b31d08) 
thrown [s\open\src\hotspot\share\interpreter\linkResolver.cpp, line 773]
Event: 1.977 Thread 0x00000248d7889480 Exception <a 'sun/nio/fs/WindowsException'{0x0000000713bc8d60}> (0x0000000713bc8d60) 
thrown [s\open\src\hotspot\share\prims\jni.cpp, line 520]
Event: 2.001 Thread 0x00000248d7889480 Exception <a 'sun/nio/fs/WindowsException'{0x0000000715818730}> (0x0000000715818730) 
thrown [s\open\src\hotspot\share\prims\jni.cpp, line 520]
Event: 2.006 Thread 0x00000248d7889480 Exception <a 'java/lang/NoSuchMethodError'{0x000000071584eda8}: 'java.lang.Object java.lang.invoke.DirectMethodHandle$Holder.invokeSpecial(java.lang.Object, java.lang.Object, java.lang.Object, java.lang.Object, int)'> (0x000000071584eda8) 
thrown [s\open\src\hotspot\share\interpreter\linkResolver.cpp, line 773]
Event: 2.006 Thread 0x00000248d7889480 Exception <a 'java/lang/NoSuchMethodError'{0x00000007158524e0}: 'java.lang.Object java.lang.invoke.Invokers$Holder.linkToTargetMethod(java.lang.Object, java.lang.Object, int, java.lang.Object)'> (0x00000007158524e0) 
thrown [s\open\src\hotspot\share\interpreter\linkResolver.cpp, line 773]
Event: 2.015 Thread 0x00000248e13dc010 Exception <a 'java/lang/NoSuchMethodError'{0x000000071560c638}: 'void java.lang.invoke.DirectMethodHandle$Holder.invokeStatic(java.lang.Object, java.lang.Object, int)'> (0x000000071560c638) 
thrown [s\open\src\hotspot\share\interpreter\linkResolver.cpp, line 773]
Event: 2.016 Thread 0x00000248e13dc010 Exception <a 'java/net/ConnectException'{0x00000007156148b0}: Connection refused: getsockopt> (0x00000007156148b0) 
thrown [s\open\src\hotspot\share\prims\jni.cpp, line 539]
Event: 2.017 Thread 0x00000248e13dc010 Exception <a 'java/net/ConnectException'{0x000000071561d618}: Connection refused: getsockopt> (0x000000071561d618) 
thrown [s\open\src\hotspot\share\prims\jni.cpp, line 539]
Event: 2.030 Thread 0x00000248d7889480 Exception <a 'sun/nio/fs/WindowsException'{0x0000000715760b88}> (0x0000000715760b88) 
thrown [s\open\src\hotspot\share\prims\jni.cpp, line 520]
Event: 3.994 Thread 0x00000248e13da5d0 Exception <a 'java/lang/NoSuchMethodError'{0x000000070900d3c8}: 'java.lang.Object java.lang.invoke.DirectMethodHandle$Holder.newInvokeSpecial(java.lang.Object, java.lang.Object, long, java.lang.Object, java.lang.Object, java.lang.Object)'> (0x000000070900d3c8) 
thrown [s\open\src\hotspot\share\interpreter\linkResolver.cpp, line 773]
Event: 3.996 Thread 0x00000248e13da5d0 Exception <a 'java/lang/NoSuchMethodError'{0x0000000709023dc8}: 'void java.lang.invoke.DirectMethodHandle$Holder.invokeSpecial(java.lang.Object, java.lang.Object, java.lang.Object, java.lang.Object, java.lang.Object, java.lang.Object, java.lang.Object)'> (0x0000000709023dc8) 
thrown [s\open\src\hotspot\share\interpreter\linkResolver.cpp, line 773]
Event: 4.198 Thread 0x00000248d7889480 Exception <a 'java/lang/NoSuchMethodError'{0x00000007088d2c50}: 'void java.lang.invoke.DirectMethodHandle$Holder.invokeSpecialIFC(java.lang.Object, java.lang.Object, java.lang.Object, java.lang.Object)'> (0x00000007088d2c50) 
thrown [s\open\src\hotspot\share\interpreter\linkResolver.cpp, line 773]
Event: 7.129 Thread 0x00000248d7889480 Exception <a 'sun/nio/fs/WindowsException'{0x0000000707e17080}> (0x0000000707e17080) 
thrown [s\open\src\hotspot\share\prims\jni.cpp, line 520]
Event: 7.131 Thread 0x00000248d7889480 Exception <a 'java/lang/ClassNotFoundException'{0x0000000707e22918}: sun/util/logging/resources/spi/loggingProvider> (0x0000000707e22918) 
thrown [s\open\src\hotspot\share\classfile\systemDictionary.cpp, line 312]
Event: 7.385 Thread 0x00000248d7481cd0 Exception <a 'java/lang/NoSuchMethodError'{0x0000000708060bc0}: 'java.lang.Object java.lang.invoke.DirectMethodHandle$Holder.invokeStaticInit(java.lang.Object, int)'> (0x0000000708060bc0) 
thrown [s\open\src\hotspot\share\interpreter\linkResolver.cpp, line 773]

ZGC Phase Switch (0 events):
No events

VM Operations (20 events):
Event: 4.325 Executing VM operation: ICBufferFull done
Event: 6.325 Executing VM operation: Cleanup
Event: 6.325 Executing VM operation: Cleanup done
Event: 7.148 Executing VM operation: HandshakeAllThreads (Deoptimize)
Event: 7.148 Executing VM operation: HandshakeAllThreads (Deoptimize) done
Event: 7.244 Executing VM operation: ICBufferFull
Event: 7.244 Executing VM operation: ICBufferFull done
Event: 7.348 Executing VM operation: HandshakeAllThreads (Deoptimize)
Event: 7.348 Executing VM operation: HandshakeAllThreads (Deoptimize) done
Event: 7.401 Executing VM operation: ICBufferFull
Event: 7.401 Executing VM operation: ICBufferFull done
Event: 8.737 Executing VM operation: ICBufferFull
Event: 8.737 Executing VM operation: ICBufferFull done
Event: 9.539 Executing VM operation: G1CollectForAllocation (G1 Evacuation Pause)
Event: 9.550 Executing VM operation: G1CollectForAllocation (G1 Evacuation Pause) done
Event: 10.551 Executing VM operation: Cleanup
Event: 10.551 Executing VM operation: Cleanup done
Event: 11.552 Executing VM operation: Cleanup
Event: 11.552 Executing VM operation: Cleanup done
Event: 58.544 Executing VM operation: Exit

Events (20 events):
Event: 9.553 Thread 0x00000248e1ea1c60 Thread exited: 0x00000248e1ea1c60
Event: 9.553 Thread 0x00000248e1ea08b0 Thread exited: 0x00000248e1ea08b0
Event: 9.553 Thread 0x00000248e13db2f0 Thread exited: 0x00000248e13db2f0
Event: 11.293 Thread 0x00000248e13dac60 Thread added: 0x00000248e13dac60
Event: 11.294 Thread 0x00000248e13d9220 Thread added: 0x00000248e13d9220
Event: 11.294 Thread 0x00000248e13db2f0 Thread added: 0x00000248e13db2f0
Event: 11.294 Thread 0x00000248e1e9e7e0 Thread added: 0x00000248e1e9e7e0
Event: 16.295 Thread 0x00000248fea27e70 Thread exited: 0x00000248fea27e70
Event: 16.295 Thread 0x00000248fea2a080 Thread exited: 0x00000248fea2a080
Event: 21.295 Thread 0x00000248fea299b0 Thread exited: 0x00000248fea299b0
Event: 30.001 Thread 0x00000248fea270d0 Thread exited: 0x00000248fea270d0
Event: 58.526 Thread 0x00000248e1e9ee70 Thread added: 0x00000248e1e9ee70
Event: 58.528 Thread 0x00000248e1e9e150 Thread added: 0x00000248e1e9e150
Event: 58.528 Thread 0x00000248e1ea0220 Thread added: 0x00000248e1ea0220
Event: 58.541 Thread 0x00000248e1e9f500 Thread added: 0x00000248e1e9f500
Event: 58.542 Thread 0x00000248e1e9fb90 Thread added: 0x00000248e1e9fb90
Event: 58.542 Thread 0x00000248e1ea08b0 Thread added: 0x00000248e1ea08b0
Event: 58.543 Thread 0x00000248e1e9fb90 Thread exited: 0x00000248e1e9fb90
Event: 58.544 Thread 0x00000248e1ea08b0 Thread exited: 0x00000248e1ea08b0
Event: 58.544 Thread 0x00000248fea05320 Thread exited: 0x00000248fea05320


Dynamic libraries:
0x00007ff6e7570000 - 0x00007ff6e7580000 	D:\jdk\jdk21\bin\java.exe
0x00007ff939900000 - 0x00007ff939b60000 	C:\WINDOWS\SYSTEM32\ntdll.dll
0x00007ff937a00000 - 0x00007ff937ac7000 	C:\WINDOWS\System32\KERNEL32.DLL
0x00007ff936b70000 - 0x00007ff936f3a000 	C:\WINDOWS\System32\KERNELBASE.dll
0x00007ff937160000 - 0x00007ff9372ab000 	C:\WINDOWS\System32\ucrtbase.dll
0x00007ff900530000 - 0x00007ff90054b000 	D:\jdk\jdk21\bin\VCRUNTIME140.dll
0x00007ff915fa0000 - 0x00007ff915fb9000 	D:\jdk\jdk21\bin\jli.dll
0x00007ff9383b0000 - 0x00007ff938462000 	C:\WINDOWS\System32\ADVAPI32.dll
0x00007ff937700000 - 0x00007ff9377a9000 	C:\WINDOWS\System32\msvcrt.dll
0x00007ff938580000 - 0x00007ff938626000 	C:\WINDOWS\System32\sechost.dll
0x00007ff939520000 - 0x00007ff939636000 	C:\WINDOWS\System32\RPCRT4.dll
0x00007ff9396f0000 - 0x00007ff9398bc000 	C:\WINDOWS\System32\USER32.dll
0x00007ff937130000 - 0x00007ff937157000 	C:\WINDOWS\System32\win32u.dll
0x00007ff919250000 - 0x00007ff9194e7000 	C:\WINDOWS\WinSxS\amd64_microsoft.windows.common-controls_6595b64144ccf1df_6.0.26100.3624_none_3e086962e3345f24\COMCTL32.dll
0x00007ff938470000 - 0x00007ff93849a000 	C:\WINDOWS\System32\GDI32.dll
0x00007ff936f40000 - 0x00007ff937071000 	C:\WINDOWS\System32\gdi32full.dll
0x00007ff937080000 - 0x00007ff937123000 	C:\WINDOWS\System32\msvcp_win.dll
0x00007ff92c920000 - 0x00007ff92c92b000 	C:\WINDOWS\SYSTEM32\VERSION.dll
0x00007ff9396b0000 - 0x00007ff9396df000 	C:\WINDOWS\System32\IMM32.DLL
0x00007ff930a60000 - 0x00007ff930a6c000 	D:\jdk\jdk21\bin\vcruntime140_1.dll
0x00007ff8ca4a0000 - 0x00007ff8ca52e000 	D:\jdk\jdk21\bin\msvcp140.dll
0x00007ff8315d0000 - 0x00007ff8322e3000 	D:\jdk\jdk21\bin\server\jvm.dll
0x00007ff938c60000 - 0x00007ff938cd4000 	C:\WINDOWS\System32\WS2_32.dll
0x00007ff935770000 - 0x00007ff9357ce000 	C:\WINDOWS\SYSTEM32\POWRPROF.dll
0x00007ff92cc10000 - 0x00007ff92cc46000 	C:\WINDOWS\SYSTEM32\WINMM.dll
0x00007ff935750000 - 0x00007ff935764000 	C:\WINDOWS\SYSTEM32\UMPDC.dll
0x00007ff935a10000 - 0x00007ff935a2a000 	C:\WINDOWS\SYSTEM32\kernel.appcore.dll
0x00007ff92f740000 - 0x00007ff92f74a000 	D:\jdk\jdk21\bin\jimage.dll
0x00007ff9341f0000 - 0x00007ff934431000 	C:\WINDOWS\SYSTEM32\DBGHELP.DLL
0x00007ff939190000 - 0x00007ff939512000 	C:\WINDOWS\System32\combase.dll
0x00007ff9384a0000 - 0x00007ff938576000 	C:\WINDOWS\System32\OLEAUT32.dll
0x00007ff9180c0000 - 0x00007ff9180f9000 	C:\WINDOWS\SYSTEM32\dbgcore.DLL
0x00007ff937660000 - 0x00007ff9376f9000 	C:\WINDOWS\System32\bcryptPrimitives.dll
0x00007ff916120000 - 0x00007ff91612f000 	D:\jdk\jdk21\bin\instrument.dll
0x00007ff8fd980000 - 0x00007ff8fd99f000 	D:\jdk\jdk21\bin\java.dll
0x00007ff937b10000 - 0x00007ff938239000 	C:\WINDOWS\System32\SHELL32.dll
0x00007ff9372b0000 - 0x00007ff937418000 	C:\WINDOWS\System32\wintypes.dll
0x00007ff9347c0000 - 0x00007ff935012000 	C:\WINDOWS\SYSTEM32\windows.storage.dll
0x00007ff9382c0000 - 0x00007ff9383ad000 	C:\WINDOWS\System32\SHCORE.dll
0x00007ff9377b0000 - 0x00007ff937814000 	C:\WINDOWS\System32\shlwapi.dll
0x00007ff9369f0000 - 0x00007ff936a1f000 	C:\WINDOWS\SYSTEM32\profapi.dll
0x00007ff8ca3c0000 - 0x00007ff8ca497000 	D:\jdk\jdk21\bin\jsvml.dll
0x00007ff916110000 - 0x00007ff916120000 	D:\jdk\jdk21\bin\net.dll
0x00007ff930d10000 - 0x00007ff930e2d000 	C:\WINDOWS\SYSTEM32\WINHTTP.dll
0x00007ff935f30000 - 0x00007ff935f9a000 	C:\WINDOWS\system32\mswsock.dll
0x00007ff8ed400000 - 0x00007ff8ed416000 	D:\jdk\jdk21\bin\nio.dll
0x00007ff8f5da0000 - 0x00007ff8f5db8000 	D:\jdk\jdk21\bin\zip.dll
0x00007ff906700000 - 0x00007ff90671a000 	D:\IntelliJ IDEA 2024.2.3\bin\breakgen64.dll
0x00000248d2d90000 - 0x00000248d2d93000 	C:\Users\Chen\.openjfx\cache\21+31\amd64\api-ms-win-core-console-l1-1-0.dll
0x00000248d2da0000 - 0x00000248d2da3000 	C:\Users\Chen\.openjfx\cache\21+31\amd64\api-ms-win-core-console-l1-2-0.dll
0x00000248d2db0000 - 0x00000248d2db3000 	C:\Users\Chen\.openjfx\cache\21+31\amd64\api-ms-win-core-datetime-l1-1-0.dll
0x00000248d2dc0000 - 0x00000248d2dc3000 	C:\Users\Chen\.openjfx\cache\21+31\amd64\api-ms-win-core-debug-l1-1-0.dll
0x00000248d2dd0000 - 0x00000248d2dd3000 	C:\Users\Chen\.openjfx\cache\21+31\amd64\api-ms-win-core-errorhandling-l1-1-0.dll
0x00000248d2de0000 - 0x00000248d2de4000 	C:\Users\Chen\.openjfx\cache\21+31\amd64\api-ms-win-core-file-l1-1-0.dll
0x00000248d2df0000 - 0x00000248d2df3000 	C:\Users\Chen\.openjfx\cache\21+31\amd64\api-ms-win-core-file-l1-2-0.dll
0x00000248d2e00000 - 0x00000248d2e03000 	C:\Users\Chen\.openjfx\cache\21+31\amd64\api-ms-win-core-file-l2-1-0.dll
0x00000248d2e10000 - 0x00000248d2e13000 	C:\Users\Chen\.openjfx\cache\21+31\amd64\api-ms-win-core-handle-l1-1-0.dll
0x00000248d2e20000 - 0x00000248d2e23000 	C:\Users\Chen\.openjfx\cache\21+31\amd64\api-ms-win-core-heap-l1-1-0.dll
0x00000248d2e30000 - 0x00000248d2e33000 	C:\Users\Chen\.openjfx\cache\21+31\amd64\api-ms-win-core-interlocked-l1-1-0.dll
0x00000248d2e40000 - 0x00000248d2e43000 	C:\Users\Chen\.openjfx\cache\21+31\amd64\api-ms-win-core-libraryloader-l1-1-0.dll
0x00000248d2e50000 - 0x00000248d2e53000 	C:\Users\Chen\.openjfx\cache\21+31\amd64\api-ms-win-core-localization-l1-2-0.dll
0x00000248d2e60000 - 0x00000248d2e63000 	C:\Users\Chen\.openjfx\cache\21+31\amd64\api-ms-win-core-memory-l1-1-0.dll
0x00000248d2e70000 - 0x00000248d2e73000 	C:\Users\Chen\.openjfx\cache\21+31\amd64\api-ms-win-core-namedpipe-l1-1-0.dll
0x00000248d2e80000 - 0x00000248d2e83000 	C:\Users\Chen\.openjfx\cache\21+31\amd64\api-ms-win-core-processenvironment-l1-1-0.dll
0x00000248d2e90000 - 0x00000248d2e93000 	C:\Users\Chen\.openjfx\cache\21+31\amd64\api-ms-win-core-processthreads-l1-1-0.dll
0x00000248d2ea0000 - 0x00000248d2ea3000 	C:\Users\Chen\.openjfx\cache\21+31\amd64\api-ms-win-core-processthreads-l1-1-1.dll
0x00000248d2eb0000 - 0x00000248d2eb3000 	C:\Users\Chen\.openjfx\cache\21+31\amd64\api-ms-win-core-profile-l1-1-0.dll
0x00000248d2ec0000 - 0x00000248d2ec3000 	C:\Users\Chen\.openjfx\cache\21+31\amd64\api-ms-win-core-rtlsupport-l1-1-0.dll
0x00000248d2ed0000 - 0x00000248d2ed3000 	C:\Users\Chen\.openjfx\cache\21+31\amd64\api-ms-win-core-string-l1-1-0.dll
0x00000248d2ee0000 - 0x00000248d2ee3000 	C:\Users\Chen\.openjfx\cache\21+31\amd64\api-ms-win-core-synch-l1-1-0.dll
0x00000248d2ef0000 - 0x00000248d2ef3000 	C:\Users\Chen\.openjfx\cache\21+31\amd64\api-ms-win-core-synch-l1-2-0.dll
0x00000248d2f00000 - 0x00000248d2f03000 	C:\Users\Chen\.openjfx\cache\21+31\amd64\api-ms-win-core-sysinfo-l1-1-0.dll
0x00000248d2f10000 - 0x00000248d2f13000 	C:\Users\Chen\.openjfx\cache\21+31\amd64\api-ms-win-core-timezone-l1-1-0.dll
0x00000248d2f20000 - 0x00000248d2f23000 	C:\Users\Chen\.openjfx\cache\21+31\amd64\api-ms-win-core-util-l1-1-0.dll
0x00000248d2f30000 - 0x00000248d2f33000 	C:\Users\Chen\.openjfx\cache\21+31\amd64\api-ms-win-crt-conio-l1-1-0.dll
0x00000248d2f40000 - 0x00000248d2f44000 	C:\Users\Chen\.openjfx\cache\21+31\amd64\api-ms-win-crt-convert-l1-1-0.dll
0x00000248d2f50000 - 0x00000248d2f53000 	C:\Users\Chen\.openjfx\cache\21+31\amd64\api-ms-win-crt-environment-l1-1-0.dll
0x00000248d2f60000 - 0x00000248d2f63000 	C:\Users\Chen\.openjfx\cache\21+31\amd64\api-ms-win-crt-filesystem-l1-1-0.dll
0x00000248d2f70000 - 0x00000248d2f73000 	C:\Users\Chen\.openjfx\cache\21+31\amd64\api-ms-win-crt-heap-l1-1-0.dll
0x00000248d2f80000 - 0x00000248d2f83000 	C:\Users\Chen\.openjfx\cache\21+31\amd64\api-ms-win-crt-locale-l1-1-0.dll
0x00000248d2f90000 - 0x00000248d2f95000 	C:\Users\Chen\.openjfx\cache\21+31\amd64\api-ms-win-crt-math-l1-1-0.dll
0x00000248d2fa0000 - 0x00000248d2fa5000 	C:\Users\Chen\.openjfx\cache\21+31\amd64\api-ms-win-crt-multibyte-l1-1-0.dll
0x00000248d2fb0000 - 0x00000248d2fc0000 	C:\Users\Chen\.openjfx\cache\21+31\amd64\api-ms-win-crt-private-l1-1-0.dll
0x00000248d2fc0000 - 0x00000248d2fc3000 	C:\Users\Chen\.openjfx\cache\21+31\amd64\api-ms-win-crt-process-l1-1-0.dll
0x00000248d2fd0000 - 0x00000248d2fd4000 	C:\Users\Chen\.openjfx\cache\21+31\amd64\api-ms-win-crt-runtime-l1-1-0.dll
0x00000248d2fe0000 - 0x00000248d2fe4000 	C:\Users\Chen\.openjfx\cache\21+31\amd64\api-ms-win-crt-stdio-l1-1-0.dll
0x00000248d2ff0000 - 0x00000248d2ff4000 	C:\Users\Chen\.openjfx\cache\21+31\amd64\api-ms-win-crt-string-l1-1-0.dll
0x00000248d7fd0000 - 0x00000248d7fd3000 	C:\Users\Chen\.openjfx\cache\21+31\amd64\api-ms-win-crt-time-l1-1-0.dll
0x00000248d7fe0000 - 0x00000248d7fe3000 	C:\Users\Chen\.openjfx\cache\21+31\amd64\api-ms-win-crt-utility-l1-1-0.dll
0x00007ff8ca2c0000 - 0x00007ff8ca3bc000 	C:\Users\Chen\.openjfx\cache\21+31\amd64\ucrtbase.dll
0x00007ff8fb230000 - 0x00007ff8fb24b000 	C:\Users\Chen\.openjfx\cache\21+31\amd64\vcruntime140.dll
0x00007ff8fb220000 - 0x00007ff8fb22c000 	C:\Users\Chen\.openjfx\cache\21+31\amd64\vcruntime140_1.dll
0x00007ff8ed430000 - 0x00007ff8ed4be000 	C:\Users\Chen\.openjfx\cache\21+31\amd64\msvcp140.dll
0x00007ff938ac0000 - 0x00007ff938c56000 	C:\WINDOWS\System32\ole32.dll
0x00007ff8fb210000 - 0x00007ff8fb219000 	C:\Users\Chen\.openjfx\cache\21+31\amd64\msvcp140_1.dll
0x00007ff8ed3d0000 - 0x00007ff8ed3ff000 	C:\Users\Chen\.openjfx\cache\21+31\amd64\msvcp140_2.dll
0x00007ff8ed3a0000 - 0x00007ff8ed3cf000 	C:\Users\Chen\.openjfx\cache\21+31\amd64\prism_d3d.dll
0x00007ff8bedc0000 - 0x00007ff8bef6c000 	C:\WINDOWS\system32\d3d9.dll
0x00007ff933750000 - 0x00007ff933786000 	C:\WINDOWS\SYSTEM32\dwmapi.dll
0x00007ff933c10000 - 0x00007ff933c57000 	C:\WINDOWS\SYSTEM32\dxcore.dll
0x00007ff933380000 - 0x00007ff93342e000 	C:\WINDOWS\system32\uxtheme.dll
0x00007ff8beb40000 - 0x00007ff8bedb6000 	C:\WINDOWS\System32\DriverStore\FileRepository\iigd_dch.inf_amd64_f3e195eefe08f8f4\igdumdim64.dll
0x00007ff8bd460000 - 0x00007ff8be99c000 	C:\WINDOWS\System32\DriverStore\FileRepository\iigd_dch.inf_amd64_f3e195eefe08f8f4\igd9trinity64.dll
0x00007ff9334d0000 - 0x00007ff9335fe000 	C:\WINDOWS\system32\dxgi.dll
0x00007ff9336c0000 - 0x00007ff93371e000 	C:\WINDOWS\SYSTEM32\directxdatabasehelper.dll
0x00007ff936710000 - 0x00007ff93676f000 	C:\WINDOWS\SYSTEM32\cfgmgr32.dll
0x00007ff92c420000 - 0x00007ff92c862000 	C:\WINDOWS\System32\DriverStore\FileRepository\iigd_dch.inf_amd64_f3e195eefe08f8f4\igdgmm64.dll
0x00007ff92c990000 - 0x00007ff92c9b6000 	C:\WINDOWS\System32\DriverStore\FileRepository\iigd_dch.inf_amd64_f3e195eefe08f8f4\igc64.dll
0x00007ff8bbf30000 - 0x00007ff8bd459000 	C:\WINDOWS\System32\DriverStore\FileRepository\iigd_dch.inf_amd64_f3e195eefe08f8f4\igd9dxva64.dll
0x00007ff938630000 - 0x00007ff938ab6000 	C:\WINDOWS\System32\SETUPAPI.dll
0x00007ff91a720000 - 0x00007ff91c44e000 	C:\WINDOWS\System32\DriverStore\FileRepository\iigd_dch.inf_amd64_f3e195eefe08f8f4\media_bin_64.dll
0x00007ff8ca270000 - 0x00007ff8ca2b2000 	C:\Users\Chen\.openjfx\cache\21+31\amd64\glass.dll
0x00007ff939090000 - 0x00007ff939184000 	C:\WINDOWS\System32\COMDLG32.dll
0x00007ff938d70000 - 0x00007ff938ecd000 	C:\WINDOWS\System32\MSCTF.dll
0x00007ff928480000 - 0x00007ff92c419000 	C:\WINDOWS\System32\DriverStore\FileRepository\iigd_dch.inf_amd64_f3e195eefe08f8f4\igc1464.dll
0x00007ff8be9f0000 - 0x00007ff8beb39000 	C:\WINDOWS\System32\DriverStore\FileRepository\iigd_dch.inf_amd64_f3e195eefe08f8f4\igdml64.dll
0x00007ff91a590000 - 0x00007ff91a5b9000 	C:\WINDOWS\System32\DriverStore\FileRepository\iigd_dch.inf_amd64_f3e195eefe08f8f4\igdinfo64.dll
0x00007ff8ed370000 - 0x00007ff8ed39d000 	C:\Users\Chen\.openjfx\cache\21+31\amd64\javafx_iio.dll
0x00007ff8e5a90000 - 0x00007ff8e5aa4000 	C:\Users\Chen\.openjfx\cache\21+31\amd64\javafx_font.dll
0x00007ff931630000 - 0x00007ff931899000 	C:\WINDOWS\SYSTEM32\dwrite.dll
0x00007ff938ed0000 - 0x00007ff938f78000 	C:\WINDOWS\System32\clbcatq.dll
0x00007ff9318a0000 - 0x00007ff931ace000 	C:\WINDOWS\SYSTEM32\WindowsCodecs.dll
0x00007ff901a20000 - 0x00007ff901a7a000 	C:\WINDOWS\system32\dataexchange.dll
0x00007ff927790000 - 0x00007ff9279cb000 	C:\WINDOWS\system32\twinapi.appcore.dll
0x00007ff8d2180000 - 0x00007ff8d21ac000 	C:\Program Files\Common Files\Microsoft Shared\Ink\rtscom.dll
0x00007ff9213a0000 - 0x00007ff9214e9000 	C:\WINDOWS\SYSTEM32\textinputframework.dll
0x00007ff932cb0000 - 0x00007ff932dd6000 	C:\WINDOWS\SYSTEM32\CoreMessaging.dll
0x00007ff92f100000 - 0x00007ff92f3e3000 	C:\WINDOWS\SYSTEM32\CoreUIComponents.dll

dbghelp: loaded successfully - version: 4.0.5 - missing functions: none
symbol engine: initialized successfully - sym options: 0x614 - pdb path: .;D:\jdk\jdk21\bin;C:\WINDOWS\SYSTEM32;C:\WINDOWS\WinSxS\amd64_microsoft.windows.common-controls_6595b64144ccf1df_6.0.26100.3624_none_3e086962e3345f24;D:\jdk\jdk21\bin\server;D:\IntelliJ IDEA 2024.2.3\bin;C:\Users\Chen\.openjfx\cache\21+31\amd64;C:\WINDOWS\System32\DriverStore\FileRepository\iigd_dch.inf_amd64_f3e195eefe08f8f4;C:\Program Files\Common Files\Microsoft Shared\Ink

VM Arguments:
jvm_args: -javaagent:D:\IntelliJ IDEA 2024.2.3\lib\idea_rt.jar=63361:D:\IntelliJ IDEA 2024.2.3\bin -Dfile.encoding=UTF-8 -Dsun.stdout.encoding=UTF-8 -Dsun.stderr.encoding=UTF-8 --module-path=D:\Maven\apache-maven-3.8.8-bin\apache-maven-3.8.8\local_repo\org\openjfx\javafx-fxml\21\javafx-fxml-21-win.jar;D:\Maven\apache-maven-3.8.8-bin\apache-maven-3.8.8\local_repo\org\openjfx\javafx-base\21\javafx-base-21-win.jar;D:\Maven\apache-maven-3.8.8-bin\apache-maven-3.8.8\local_repo\org\openjfx\javafx-graphics\21\javafx-graphics-21-win.jar;D:\mykeshe\java_keshe\java-fx\target\classes;D:\Maven\apache-maven-3.8.8-bin\apache-maven-3.8.8\local_repo\org\openjfx\javafx-controls\21\javafx-controls-21-win.jar;D:\Maven\apache-maven-3.8.8-bin\apache-maven-3.8.8\local_repo\org\openjfx\javafx-swing\21\javafx-swing-21-win.jar;D:\Maven\apache-maven-3.8.8-bin\apache-maven-3.8.8\local_repo\com\google\code\gson\gson\2.8.9\gson-2.8.9.jar -Djdk.module.main=com.teach.javafx 
java_command: com.teach.javafx/com.teach.javafx.MainApplication
java_class_path (initial): D:\Maven\apache-maven-3.8.8-bin\apache-maven-3.8.8\local_repo\org\openjfx\javafx-controls\21\javafx-controls-21.jar;D:\Maven\apache-maven-3.8.8-bin\apache-maven-3.8.8\local_repo\org\openjfx\javafx-graphics\21\javafx-graphics-21.jar;D:\Maven\apache-maven-3.8.8-bin\apache-maven-3.8.8\local_repo\org\openjfx\javafx-base\21\javafx-base-21.jar;D:\Maven\apache-maven-3.8.8-bin\apache-maven-3.8.8\local_repo\org\openjfx\javafx-fxml\21\javafx-fxml-21.jar;D:\Maven\apache-maven-3.8.8-bin\apache-maven-3.8.8\local_repo\org\openjfx\javafx-swing\21\javafx-swing-21.jar;D:\Maven\apache-maven-3.8.8-bin\apache-maven-3.8.8\local_repo\junit\junit\4.13.2\junit-4.13.2.jar;D:\Maven\apache-maven-3.8.8-bin\apache-maven-3.8.8\local_repo\org\hamcrest\hamcrest-core\1.3\hamcrest-core-1.3.jar
Launcher Type: SUN_STANDARD

[Global flags]
     intx CICompilerCount                          = 15                                        {product} {ergonomic}
     uint ConcGCThreads                            = 6                                         {product} {ergonomic}
     uint G1ConcRefinementThreads                  = 23                                        {product} {ergonomic}
   size_t G1HeapRegionSize                         = 2097152                                   {product} {ergonomic}
    uintx GCDrainStackTargetSize                   = 64                                        {product} {ergonomic}
   size_t InitialHeapSize                          = 264241152                                 {product} {ergonomic}
   size_t MarkStackSize                            = 4194304                                   {product} {ergonomic}
   size_t MaxHeapSize                              = 4196401152                                {product} {ergonomic}
   size_t MaxNewSize                               = 2516582400                                {product} {ergonomic}
   size_t MinHeapDeltaBytes                        = 2097152                                   {product} {ergonomic}
   size_t MinHeapSize                              = 8388608                                   {product} {ergonomic}
    uintx NonNMethodCodeHeapSize                   = 8192380                                {pd product} {ergonomic}
    uintx NonProfiledCodeHeapSize                  = 121732930                              {pd product} {ergonomic}
    uintx ProfiledCodeHeapSize                     = 121732930                              {pd product} {ergonomic}
    uintx ReservedCodeCacheSize                    = 251658240                              {pd product} {ergonomic}
     bool SegmentedCodeCache                       = true                                      {product} {ergonomic}
   size_t SoftMaxHeapSize                          = 4196401152                             {manageable} {ergonomic}
     bool UseCompressedOops                        = true                           {product lp64_product} {ergonomic}
     bool UseG1GC                                  = true                                      {product} {ergonomic}
     bool UseLargePagesIndividualAllocation        = false                                  {pd product} {ergonomic}

Logging:
Log output configuration:
 #0: stdout all=off uptime,level,tags foldmultilines=false
 #1: stderr all=off uptime,level,tags foldmultilines=false

Environment Variables:
JAVA_HOME=D:\jdk\jdk21
PATH=D:\VMware\bin\;D:\Maven\apache-maven-3.8.8-bin\apache-maven-3.8.8\bin;C:\Program Files\Common Files\Oracle\Java\javapath;C:\Program Files (x86)\Common Files\Oracle\Java\java8path;C:\Program Files (x86)\Common Files\Oracle\Java\javapath;E:\MySQL\MySQL Server 8.0\bin\;C:\WINDOWS\system32;C:\WINDOWS;C:\WINDOWS\System32\Wbem;C:\WINDOWS\System32\WindowsPowerShell\v1.0\;C:\WINDOWS\System32\OpenSSH\;C:\Program Files (x86)\NVIDIA Corporation\PhysX\Common;C:\Program Files\NVIDIA Corporation\NVIDIA NvDLISR;C:\Program Files\dotnet\;D:\jdk\jdk21\bin;D:\Windows Kits\10\Windows Performance Toolkit\;C:\Program Files\Git\cmd;D:\redis\;D:\Node.js\;D:\Node.js;D:\Node.js\node_cahch;D:\Node.js\node_global;D:\Go\go\bin;D:\tomcat\apache-tomcat-10.1.34\bin;D:\tomcat\apache-tomcat-10.1.34\lib;D:\\web\dll;C:\Users\Chen\vcpkg;E:\MySQL\MySQL Shell 8.0\bin\;C:\Users\Chen\AppData\Local\Microsoft\WindowsApps;D:\develope\IntelliJ IDEA 2023.2\bin;C:\Users\Chen\AppData\Local\JetBrains\Toolbox\scripts;;D:\develope\IntelliJ IDEA 2024.2.3\bin;C:\Users\Chen\AppData\Roaming\Programs\Zero Install;C:\Users\Chen\AppData\Local\Programs\Microsoft VS Code\bin;C:\Users\Chen\AppData\Roaming\npm;C:\Users\Chen\go\bin;C:\Users\Chen\.dotnet\tools;C:\Users\Chen\AppData\Local\Microsoft\WindowsApps
USERNAME=Chen
OS=Windows_NT
PROCESSOR_IDENTIFIER=Intel64 Family 6 Model 183 Stepping 1, GenuineIntel
TMP=C:\Users\Chen\AppData\Local\Temp
TEMP=C:\Users\Chen\AppData\Local\Temp




Periodic native trim disabled

---------------  S Y S T E M  ---------------

OS:
 Windows 11 , 64 bit Build 26100 (10.0.26100.3775)
OS uptime: 1 days 4:25 hours

CPU: total 32 (initial active 32) (16 cores per cpu, 2 threads per core) family 6 model 183 stepping 1 microcode 0x12b, cx8, cmov, fxsr, ht, mmx, 3dnowpref, sse, sse2, sse3, ssse3, sse4.1, sse4.2, popcnt, lzcnt, tsc, tscinvbit, avx, avx2, aes, erms, clmul, bmi1, bmi2, adx, sha, fma, vzeroupper, clflush, clflushopt, clwb, serialize, rdtscp, rdpid, fsrm, f16c, pku, cet_ibt, cet_ss
Processor Information for processor 0
  Max Mhz: 2200, Current Mhz: 2200, Mhz Limit: 2200
Processor Information for processor 1
  Max Mhz: 2200, Current Mhz: 2200, Mhz Limit: 2200
Processor Information for processor 2
  Max Mhz: 2200, Current Mhz: 2200, Mhz Limit: 2200
Processor Information for processor 3
  Max Mhz: 2200, Current Mhz: 2200, Mhz Limit: 2200
Processor Information for processor 4
  Max Mhz: 2200, Current Mhz: 2200, Mhz Limit: 2200
Processor Information for processor 5
  Max Mhz: 2200, Current Mhz: 2200, Mhz Limit: 2200
Processor Information for processor 6
  Max Mhz: 2200, Current Mhz: 2200, Mhz Limit: 2200
Processor Information for processor 7
  Max Mhz: 2200, Current Mhz: 2200, Mhz Limit: 2200
Processor Information for processor 8
  Max Mhz: 2200, Current Mhz: 2200, Mhz Limit: 2200
Processor Information for processor 9
  Max Mhz: 2200, Current Mhz: 2200, Mhz Limit: 2200
Processor Information for processor 10
  Max Mhz: 2200, Current Mhz: 2200, Mhz Limit: 2200
Processor Information for processor 11
  Max Mhz: 2200, Current Mhz: 2200, Mhz Limit: 2200
Processor Information for processor 12
  Max Mhz: 2200, Current Mhz: 2200, Mhz Limit: 2200
Processor Information for processor 13
  Max Mhz: 2200, Current Mhz: 2200, Mhz Limit: 2200
Processor Information for processor 14
  Max Mhz: 2200, Current Mhz: 2200, Mhz Limit: 2200
Processor Information for processor 15
  Max Mhz: 2200, Current Mhz: 2200, Mhz Limit: 2200
Processor Information for processor 16
  Max Mhz: 2200, Current Mhz: 1600, Mhz Limit: 1584
Processor Information for processor 17
  Max Mhz: 2200, Current Mhz: 1600, Mhz Limit: 1584
Processor Information for processor 18
  Max Mhz: 2200, Current Mhz: 1600, Mhz Limit: 1584
Processor Information for processor 19
  Max Mhz: 2200, Current Mhz: 1600, Mhz Limit: 1584
Processor Information for processor 20
  Max Mhz: 2200, Current Mhz: 1600, Mhz Limit: 1584
Processor Information for processor 21
  Max Mhz: 2200, Current Mhz: 1600, Mhz Limit: 1584
Processor Information for processor 22
  Max Mhz: 2200, Current Mhz: 1600, Mhz Limit: 1584
Processor Information for processor 23
  Max Mhz: 2200, Current Mhz: 1600, Mhz Limit: 1584
Processor Information for processor 24
  Max Mhz: 2200, Current Mhz: 1600, Mhz Limit: 1584
Processor Information for processor 25
  Max Mhz: 2200, Current Mhz: 1600, Mhz Limit: 1584
Processor Information for processor 26
  Max Mhz: 2200, Current Mhz: 1600, Mhz Limit: 1584
Processor Information for processor 27
  Max Mhz: 2200, Current Mhz: 1600, Mhz Limit: 1584
Processor Information for processor 28
  Max Mhz: 2200, Current Mhz: 1600, Mhz Limit: 1584
Processor Information for processor 29
  Max Mhz: 2200, Current Mhz: 1600, Mhz Limit: 1584
Processor Information for processor 30
  Max Mhz: 2200, Current Mhz: 1600, Mhz Limit: 1584
Processor Information for processor 31
  Max Mhz: 2200, Current Mhz: 1600, Mhz Limit: 1584

Memory: 4k page, system-wide physical 16002M (3448M free)
TotalPageFile size 36482M (AvailPageFile size 14913M)
current process WorkingSet (physical memory assigned to process): 603M, peak: 675M
current process commit charge ("private bytes"): 679M, peak: 796M

vm_info: Java HotSpot(TM) 64-Bit Server VM (21.0.4+8-LTS-274) for windows-amd64 JRE (21.0.4+8-LTS-274), built on 2024-06-05T05:23:33Z by "mach5one" with MS VC++ 17.6 (VS2022)

END.
